  **** HLS Build v2025.1 6135595
INFO: [HLS 200-2005] Using work_dir C:/Users/marianoandre/Documents/test1/test/test 
INFO: [HLS 200-2176] Writing Vitis IDE component file C:/Users/marianoandre/Documents/test1/test/test/vitis-comp.json
INFO: [HLS 200-10] Creating and opening component 'C:/Users/marianoandre/Documents/test1/test/test'.
INFO: [HLS 200-1505] Using default flow_target 'vivado'
Resolution: For help on HLS 200-1505 see docs.xilinx.com/access/sources/dita/topic?Doc_Version=2025.1%20English&url=ug1448-hls-guidance&resourceid=200-1505.html
INFO: [HLS 200-2174] Applying component config ini file C:/Users/marianoandre/Documents/test1/test/hls_config.cfg
INFO: [HLS 200-1465] Applying config ini 'syn.file=knn.h' from C:/Users/marianoandre/Documents/test1/test/hls_config.cfg(13)
INFO: [HLS 200-10] Adding design file 'C:/Users/marianoandre/Documents/test1/test/knn.h' to the project
INFO: [HLS 200-1465] Applying config ini 'syn.file=knn_axis.h' from C:/Users/marianoandre/Documents/test1/test/hls_config.cfg(14)
INFO: [HLS 200-10] Adding design file 'C:/Users/marianoandre/Documents/test1/test/knn_axis.h' to the project
INFO: [HLS 200-1465] Applying config ini 'tb.file=knn_test.cpp' from C:/Users/marianoandre/Documents/test1/test/hls_config.cfg(11)
INFO: [HLS 200-10] Adding test bench file 'C:/Users/marianoandre/Documents/test1/test/knn_test.cpp' to the project
INFO: [HLS 200-1465] Applying config ini 'syn.top=knn_axis' from C:/Users/marianoandre/Documents/test1/test/hls_config.cfg(10)
INFO: [HLS 200-1465] Applying config ini 'flow_target=vitis' from C:/Users/marianoandre/Documents/test1/test/hls_config.cfg(4)
INFO: [HLS 200-1505] Using flow_target 'vitis'
Resolution: For help on HLS 200-1505 see docs.xilinx.com/access/sources/dita/topic?Doc_Version=2025.1%20English&url=ug1448-hls-guidance&resourceid=200-1505.html
INFO: [HLS 200-435] Setting 'open_solution -flow_target vitis' configuration: config_interface -m_axi_latency=64
INFO: [HLS 200-435] Setting 'open_solution -flow_target vitis' configuration: config_interface -m_axi_alignment_byte_size=64
INFO: [HLS 200-435] Setting 'open_solution -flow_target vitis' configuration: config_interface -m_axi_max_widen_bitwidth=512
INFO: [HLS 200-435] Setting 'open_solution -flow_target vitis' configuration: config_rtl -register_reset_num=3
INFO: [HLS 200-1465] Applying config ini 'part=xc7z014sclg400-1' from C:/Users/marianoandre/Documents/test1/test/hls_config.cfg(1)
INFO: [HLS 200-1611] Setting target device to 'xc7z014s-clg400-1'
INFO: [HLS 200-1465] Applying config ini 'csim.clean=1' from C:/Users/marianoandre/Documents/test1/test/hls_config.cfg(7)
INFO: [HLS 200-1465] Applying config ini 'csim.code_analyzer=0' from C:/Users/marianoandre/Documents/test1/test/hls_config.cfg(9)
INFO: [HLS 200-1465] Applying config ini 'csim.setup=0' from C:/Users/marianoandre/Documents/test1/test/hls_config.cfg(12)
INFO: [HLS 200-1465] Applying config ini 'package.output.format=ip_catalog' from C:/Users/marianoandre/Documents/test1/test/hls_config.cfg(5)
INFO: [HLS 200-1465] Applying config ini 'sim.O=1' from C:/Users/marianoandre/Documents/test1/test/hls_config.cfg(8)
INFO: [HLS 200-2176] Writing Vitis IDE component file C:/Users/marianoandre/Documents/test1/test/test/vitis-comp.json
INFO: [HLS 200-111] Finished File checks and directory preparation: CPU user time: 3 seconds. CPU system time: 3 seconds. Elapsed time: 5.613 seconds; current allocated memory: 150.191 MB.
WARNING: [HLS 200-1986] Could not apply TOP directive, invalid function, label, or variable (:0)
INFO: [HLS 200-111] Finished Source Code Analysis and Preprocessing: CPU user time: 0 seconds. CPU system time: 0 seconds. Elapsed time: 0.032 seconds; current allocated memory: 150.457 MB.
ERROR: [HLS 200-70] Cannot find any design unit to elaborate.
ERROR: Error in linking the design.
INFO: [HLS 200-112] Total CPU user time: 3 seconds. Total CPU system time: 3 seconds. Total elapsed time: 5.673 seconds; peak allocated memory: 150.547 MB.
