  **** HLS Build v2025.1 6135595
INFO: [HLS 200-2005] Using work_dir C:/Users/marianoandre/Documents/test1/test/test 
INFO: [HLS 200-2176] Writing Vitis IDE component file C:/Users/marianoandre/Documents/test1/test/test/vitis-comp.json
INFO: [HLS 200-10] Creating and opening component 'C:/Users/marianoandre/Documents/test1/test/test'.
INFO: [HLS 200-1505] Using default flow_target 'vivado'
Resolution: For help on HLS 200-1505 see docs.xilinx.com/access/sources/dita/topic?Doc_Version=2025.1%20English&url=ug1448-hls-guidance&resourceid=200-1505.html
INFO: [HLS 200-2174] Applying component config ini file C:/Users/marianoandre/Documents/test1/test/hls_config.cfg
INFO: [HLS 200-1465] Applying config ini 'syn.file=knn.h' from C:/Users/marianoandre/Documents/test1/test/hls_config.cfg(9)
INFO: [HLS 200-10] Adding design file 'C:/Users/marianoandre/Documents/test1/test/knn.h' to the project
INFO: [HLS 200-1465] Applying config ini 'syn.file=top_test.cpp' from C:/Users/marianoandre/Documents/test1/test/hls_config.cfg(10)
INFO: [HLS 200-10] Adding design file 'C:/Users/marianoandre/Documents/test1/test/top_test.cpp' to the project
INFO: [HLS 200-1465] Applying config ini 'syn.file=knn.cpp' from C:/Users/marianoandre/Documents/test1/test/hls_config.cfg(11)
INFO: [HLS 200-10] Adding design file 'C:/Users/marianoandre/Documents/test1/test/knn.cpp' to the project
INFO: [HLS 200-1465] Applying config ini 'syn.top=top_test' from C:/Users/marianoandre/Documents/test1/test/hls_config.cfg(13)
INFO: [HLS 200-1465] Applying config ini 'flow_target=vitis' from C:/Users/marianoandre/Documents/test1/test/hls_config.cfg(4)
INFO: [HLS 200-1505] Using flow_target 'vitis'
Resolution: For help on HLS 200-1505 see docs.xilinx.com/access/sources/dita/topic?Doc_Version=2025.1%20English&url=ug1448-hls-guidance&resourceid=200-1505.html
INFO: [HLS 200-435] Setting 'open_solution -flow_target vitis' configuration: config_interface -m_axi_latency=64
INFO: [HLS 200-435] Setting 'open_solution -flow_target vitis' configuration: config_interface -m_axi_alignment_byte_size=64
INFO: [HLS 200-435] Setting 'open_solution -flow_target vitis' configuration: config_interface -m_axi_max_widen_bitwidth=512
INFO: [HLS 200-435] Setting 'open_solution -flow_target vitis' configuration: config_rtl -register_reset_num=3
INFO: [HLS 200-1465] Applying config ini 'part=xc7z014sclg400-1' from C:/Users/marianoandre/Documents/test1/test/hls_config.cfg(1)
INFO: [HLS 200-1611] Setting target device to 'xc7z014s-clg400-1'
INFO: [HLS 200-1465] Applying config ini 'csim.clean=1' from C:/Users/marianoandre/Documents/test1/test/hls_config.cfg(7)
INFO: [HLS 200-1465] Applying config ini 'csim.code_analyzer=0' from C:/Users/marianoandre/Documents/test1/test/hls_config.cfg(12)
INFO: [HLS 200-1465] Applying config ini 'package.output.format=ip_catalog' from C:/Users/marianoandre/Documents/test1/test/hls_config.cfg(5)
INFO: [HLS 200-1465] Applying config ini 'sim.O=1' from C:/Users/marianoandre/Documents/test1/test/hls_config.cfg(8)
INFO: [HLS 200-2176] Writing Vitis IDE component file C:/Users/marianoandre/Documents/test1/test/test/vitis-comp.json
INFO: [HLS 200-111] Finished File checks and directory preparation: CPU user time: 2 seconds. CPU system time: 3 seconds. Elapsed time: 8.095 seconds; current allocated memory: 151.430 MB.
INFO: [HLS 200-10] Analyzing design file 'knn.cpp' ... 
INFO: [HLS 200-10] Analyzing design file 'top_test.cpp' ... 
WARNING: [HLS 214-113] Either use an argument of the function or declare the variable inside the dataflow loop body (top_test.cpp:27:5)
Resolution: For help on HLS 214-113 see docs.xilinx.com/access/sources/dita/topic?Doc_Version=2025.1%20English&url=ug1448-hls-guidance&resourceid=214-113.html
WARNING: [HLS 214-113] Either use an argument of the function or declare the variable inside the dataflow loop body (top_test.cpp:31:5)
Resolution: For help on HLS 214-113 see docs.xilinx.com/access/sources/dita/topic?Doc_Version=2025.1%20English&url=ug1448-hls-guidance&resourceid=214-113.html
WARNING: [HLS 214-113] Either use an argument of the function or declare the variable inside the dataflow loop body (top_test.cpp:31:61)
Resolution: For help on HLS 214-113 see docs.xilinx.com/access/sources/dita/topic?Doc_Version=2025.1%20English&url=ug1448-hls-guidance&resourceid=214-113.html
WARNING: [HLS 214-113] Either use an argument of the function or declare the variable inside the dataflow loop body (top_test.cpp:34:5)
Resolution: For help on HLS 214-113 see docs.xilinx.com/access/sources/dita/topic?Doc_Version=2025.1%20English&url=ug1448-hls-guidance&resourceid=214-113.html
WARNING: [HLS 214-113] Either use an argument of the function or declare the variable inside the dataflow loop body (top_test.cpp:35:5)
Resolution: For help on HLS 214-113 see docs.xilinx.com/access/sources/dita/topic?Doc_Version=2025.1%20English&url=ug1448-hls-guidance&resourceid=214-113.html
WARNING: [HLS 214-113] Either use an argument of the function or declare the variable inside the dataflow loop body (top_test.cpp:36:5)
Resolution: For help on HLS 214-113 see docs.xilinx.com/access/sources/dita/topic?Doc_Version=2025.1%20English&url=ug1448-hls-guidance&resourceid=214-113.html
WARNING: [HLS 214-113] Either use an argument of the function or declare the variable inside the dataflow loop body (top_test.cpp:37:5)
Resolution: For help on HLS 214-113 see docs.xilinx.com/access/sources/dita/topic?Doc_Version=2025.1%20English&url=ug1448-hls-guidance&resourceid=214-113.html
WARNING: [HLS 214-114] Since the only kind of statements allowed in a canonical dataflow region are variable declarations and function calls, the compiler may not be able to correctly handle the region (top_test.cpp:6:9)
Resolution: For help on HLS 214-114 see docs.xilinx.com/access/sources/dita/topic?Doc_Version=2025.1%20English&url=ug1448-hls-guidance&resourceid=214-114.html
WARNING: [HLS 200-471] Dataflow form checks found 8 issue(s) in file top_test.cpp
Resolution: For help on HLS 200-471 see docs.xilinx.com/access/sources/dita/topic?Doc_Version=2025.1%20English&url=ug1448-hls-guidance&resourceid=200-471.html
INFO: [HLS 200-111] Finished Source Code Analysis and Preprocessing: CPU user time: 1 seconds. CPU system time: 0 seconds. Elapsed time: 14.84 seconds; current allocated memory: 154.055 MB.
INFO: [HLS 200-777] Using interface defaults for 'Vitis' flow target.
INFO: [HLS 200-1995] There were 35,528 instructions in the design after the 'Compile/Link' phase of compilation. See the Design Size Report for more details (C:/Users/marianoandre/Documents/test1/test/test/hls/syn/report/csynth_design_size.rpt:2)
ERROR: [HLS 214-139] Recursive function calls are not supported: void std::__introsort_loop<__gnu_cxx::__normal_iterator<std::pair<double, int>*, std::vector<std::pair<double, int>, std::allocator<std::pair<double, int> > > >, long, __gnu_cxx::__ops::_Iter_comp_iter<knnClassify(std::vector<DataPoint, std::allocator<DataPoint> > const&, std::vector<double, std::allocator<double> > const&, int)::$_0> >(__gnu_cxx::__normal_iterator<std::pair<double, int>*, std::vector<std::pair<double, int>, std::allocator<std::pair<double, int> > > >, __gnu_cxx::__normal_iterator<std::pair<double, int>*, std::vector<std::pair<double, int>, std::allocator<std::pair<double, int> > > >, long, __gnu_cxx::__ops::_Iter_comp_iter<knnClassify(std::vector<DataPoint, std::allocator<DataPoint> > const&, std::vector<double, std::allocator<double> > const&, int)::$_0>) -> void std::__introsort_loop<__gnu_cxx::__normal_iterator<std::pair<double, int>*, std::vector<std::pair<double, int>, std::allocator<std::pair<double, int> > > >, long, __gnu_cxx::__ops::_Iter_comp_iter<knnClassify(std::vector<DataPoint, std::allocator<DataPoint> > const&, std::vector<double, std::allocator<double> > const&, int)::$_0> >(__gnu_cxx::__normal_iterator<std::pair<double, int>*, std::vector<std::pair<double, int>, std::allocator<std::pair<double, int> > > >, __gnu_cxx::__normal_iterator<std::pair<double, int>*, std::vector<std::pair<double, int>, std::allocator<std::pair<double, int> > > >, long, __gnu_cxx::__ops::_Iter_comp_iter<knnClassify(std::vector<DataPoint, std::allocator<DataPoint> > const&, std::vector<double, std::allocator<double> > const&, int)::$_0>)
ERROR: [HLS 200-1715] Encountered problem during source synthesis
ERROR: Pre-synthesis failed.
INFO: [HLS 200-112] Total CPU user time: 5 seconds. Total CPU system time: 3 seconds. Total elapsed time: 45.181 seconds; peak allocated memory: 167.398 MB.
